<?xml version="1.0" encoding="UTF-8"?>
<!-- Generated by org.testng.reporters.JUnitXMLReporter -->
<testsuite ignored="0" hostname="DESKTOP-MRS77HI" failures="0" tests="4" name="Test" time="87.178" errors="0" timestamp="2023-10-13T12:38:54 IST">
  <testcase classname="OliveTestNg.SbiPoTestNgClass" name="SbipoValidation" time="8.999"/>
  <testcase classname="OliveTestNg.IbpsPoTestNgClass" name="IbpspoValidation" time="8.505"/>
  <testcase classname="OliveTestNg.SaltTestNgClass" name="SaltEntranceExam" time="17.604"/>
  <testcase classname="OliveTestNg.SscTestNgClass" name="Ssccgl" time="9.905"/>
</testsuite> <!-- Test -->
