<?xml version="1.0" encoding="UTF-8"?>
<!-- Generated by org.testng.reporters.JUnitXMLReporter -->
<testsuite ignored="0" hostname="DESKTOP-MRS77HI" failures="0" tests="6" name="Test1125" time="53.589" errors="0" timestamp="2023-10-13T14:01:19 IST">
  <testcase classname="TestNgadda.AddaApp" name="SigninLogout" time="3.002"/>
  <testcase classname="TestNgadda.AddaApp" name="Banking" time="2.614"/>
  <testcase classname="TestNgadda.AddaApp" name="Railways" time="0.601"/>
  <testcase classname="TestNgadda.FooterElement" name="EbookOnFooter" time="6.799"/>
  <testcase classname="TestNgadda.FooterElement" name="footerSection" time="5.596"/>
  <testcase classname="TestNgadda.FooterElement" name="signin" time="3.9"/>
</testsuite> <!-- Test1125 -->
