<?xml version="1.0" encoding="UTF-8"?>
<testng-results ignored="0" total="8" passed="7" failed="1" skipped="0">
  <reporter-output>
  </reporter-output>
  <suite started-at="2023-10-16T12:54:16 IST" name="Suite" finished-at="2023-10-16T12:56:37 IST" duration-ms="140681">
    <groups>
    </groups>
    <test started-at="2023-10-16T12:54:16 IST" name="EdgeTest" finished-at="2023-10-16T12:56:30 IST" duration-ms="133585">
      <class name="TestNgadda.FooterElement">
        <test-method is-config="true" signature="launchBrowser(java.lang.String)[pri:0, instance:TestNgadda.FooterElement@3c46e67a]" started-at="2023-10-16T12:54:21 IST" name="launchBrowser" finished-at="2023-10-16T12:54:37 IST" duration-ms="16479" status="PASS">
          <params>
            <param index="0">
              <value>
                <![CDATA[Edge]]>
              </value>
            </param>
          </params>
          <reporter-output>
          </reporter-output>
        </test-method> <!-- launchBrowser -->
        <test-method is-config="true" signature="CreatingPOMObject()[pri:0, instance:TestNgadda.FooterElement@3c46e67a]" started-at="2023-10-16T12:55:41 IST" name="CreatingPOMObject" finished-at="2023-10-16T12:55:41 IST" duration-ms="42" status="PASS">
          <reporter-output>
          </reporter-output>
        </test-method> <!-- CreatingPOMObject -->
        <test-method is-config="true" signature="loginSignup()[pri:0, instance:TestNgadda.FooterElement@3c46e67a]" started-at="2023-10-16T12:55:41 IST" name="loginSignup" finished-at="2023-10-16T12:55:53 IST" duration-ms="12013" status="PASS">
          <reporter-output>
          </reporter-output>
        </test-method> <!-- loginSignup -->
        <test-method signature="EbookOnFooter()[pri:2, instance:TestNgadda.FooterElement@3c46e67a]" started-at="2023-10-16T12:55:53 IST" name="EbookOnFooter" finished-at="2023-10-16T12:56:07 IST" duration-ms="13835" status="PASS">
          <reporter-output>
          </reporter-output>
        </test-method> <!-- EbookOnFooter -->
        <test-method is-config="true" signature="clearObject()[pri:0, instance:TestNgadda.FooterElement@3c46e67a]" started-at="2023-10-16T12:56:07 IST" name="clearObject" finished-at="2023-10-16T12:56:07 IST" duration-ms="2" status="PASS">
          <reporter-output>
          </reporter-output>
        </test-method> <!-- clearObject -->
        <test-method is-config="true" signature="closeBrowser()[pri:0, instance:TestNgadda.FooterElement@3c46e67a]" started-at="2023-10-16T12:56:29 IST" name="closeBrowser" finished-at="2023-10-16T12:56:30 IST" duration-ms="836" status="PASS">
          <reporter-output>
          </reporter-output>
        </test-method> <!-- closeBrowser -->
      </class> <!-- TestNgadda.FooterElement -->
      <class name="TestNgadda.AddaApp">
        <test-method is-config="true" signature="launchBrowser(java.lang.String)[pri:0, instance:TestNgadda.AddaApp@5bf0d49]" started-at="2023-10-16T12:54:16 IST" name="launchBrowser" finished-at="2023-10-16T12:54:21 IST" duration-ms="4665" status="PASS">
          <params>
            <param index="0">
              <value>
                <![CDATA[Edge]]>
              </value>
            </param>
          </params>
          <reporter-output>
          </reporter-output>
        </test-method> <!-- launchBrowser -->
        <test-method is-config="true" signature="CreatingPOMObject()[pri:0, instance:TestNgadda.AddaApp@5bf0d49]" started-at="2023-10-16T12:54:37 IST" name="CreatingPOMObject" finished-at="2023-10-16T12:54:37 IST" duration-ms="0" status="PASS">
          <reporter-output>
          </reporter-output>
        </test-method> <!-- CreatingPOMObject -->
        <test-method is-config="true" signature="loginSignup()[pri:0, instance:TestNgadda.AddaApp@5bf0d49]" started-at="2023-10-16T12:54:37 IST" name="loginSignup" finished-at="2023-10-16T12:54:48 IST" duration-ms="10897" status="PASS">
          <reporter-output>
          </reporter-output>
        </test-method> <!-- loginSignup -->
        <test-method signature="SigninLogout()[pri:1, instance:TestNgadda.AddaApp@5bf0d49]" started-at="2023-10-16T12:54:48 IST" name="SigninLogout" finished-at="2023-10-16T12:55:29 IST" duration-ms="40751" status="PASS">
          <reporter-output>
          </reporter-output>
        </test-method> <!-- SigninLogout -->
        <test-method is-config="true" signature="loginSignup()[pri:0, instance:TestNgadda.AddaApp@5bf0d49]" started-at="2023-10-16T12:55:29 IST" name="loginSignup" finished-at="2023-10-16T12:55:34 IST" duration-ms="4687" status="PASS">
          <reporter-output>
          </reporter-output>
        </test-method> <!-- loginSignup -->
        <test-method signature="Banking()[pri:2, instance:TestNgadda.AddaApp@5bf0d49]" started-at="2023-10-16T12:55:34 IST" name="Banking" finished-at="2023-10-16T12:55:41 IST" duration-ms="6991" status="PASS">
          <reporter-output>
          </reporter-output>
        </test-method> <!-- Banking -->
        <test-method is-config="true" signature="loginSignup()[pri:0, instance:TestNgadda.AddaApp@5bf0d49]" started-at="2023-10-16T12:56:07 IST" name="loginSignup" finished-at="2023-10-16T12:56:11 IST" duration-ms="4074" status="PASS">
          <reporter-output>
          </reporter-output>
        </test-method> <!-- loginSignup -->
        <test-method signature="Railways()[pri:3, instance:TestNgadda.AddaApp@5bf0d49]" started-at="2023-10-16T12:56:11 IST" name="Railways" finished-at="2023-10-16T12:56:12 IST" duration-ms="1319" status="PASS">
          <reporter-output>
          </reporter-output>
        </test-method> <!-- Railways -->
        <test-method is-config="true" signature="clearObject()[pri:0, instance:TestNgadda.AddaApp@5bf0d49]" started-at="2023-10-16T12:56:12 IST" name="clearObject" finished-at="2023-10-16T12:56:12 IST" duration-ms="1" status="PASS">
          <reporter-output>
          </reporter-output>
        </test-method> <!-- clearObject -->
        <test-method is-config="true" signature="closeBrowser()[pri:0, instance:TestNgadda.AddaApp@5bf0d49]" started-at="2023-10-16T12:56:12 IST" name="closeBrowser" finished-at="2023-10-16T12:56:29 IST" duration-ms="16919" status="PASS">
          <reporter-output>
          </reporter-output>
        </test-method> <!-- closeBrowser -->
      </class> <!-- TestNgadda.AddaApp -->
    </test> <!-- EdgeTest -->
    <test started-at="2023-10-16T12:54:16 IST" name="ChromeTest" finished-at="2023-10-16T12:56:37 IST" duration-ms="140679">
      <class name="TestNgadda.FooterElement">
        <test-method is-config="true" signature="launchBrowser(java.lang.String)[pri:0, instance:TestNgadda.FooterElement@3857f613]" started-at="2023-10-16T12:54:19 IST" name="launchBrowser" finished-at="2023-10-16T12:54:22 IST" duration-ms="2845" status="PASS">
          <params>
            <param index="0">
              <value>
                <![CDATA[Chrome]]>
              </value>
            </param>
          </params>
          <reporter-output>
          </reporter-output>
        </test-method> <!-- launchBrowser -->
        <test-method is-config="true" signature="CreatingPOMObject()[pri:0, instance:TestNgadda.FooterElement@3857f613]" started-at="2023-10-16T12:56:14 IST" name="CreatingPOMObject" finished-at="2023-10-16T12:56:14 IST" duration-ms="0" status="PASS">
          <reporter-output>
          </reporter-output>
        </test-method> <!-- CreatingPOMObject -->
        <test-method is-config="true" signature="loginSignup()[pri:0, instance:TestNgadda.FooterElement@3857f613]" started-at="2023-10-16T12:56:14 IST" name="loginSignup" finished-at="2023-10-16T12:56:21 IST" duration-ms="6620" status="PASS">
          <reporter-output>
          </reporter-output>
        </test-method> <!-- loginSignup -->
        <test-method signature="EbookOnFooter()[pri:2, instance:TestNgadda.FooterElement@3857f613]" started-at="2023-10-16T12:56:21 IST" name="EbookOnFooter" finished-at="2023-10-16T12:56:31 IST" duration-ms="10522" status="PASS">
          <reporter-output>
          </reporter-output>
        </test-method> <!-- EbookOnFooter -->
        <test-method is-config="true" signature="clearObject()[pri:0, instance:TestNgadda.FooterElement@3857f613]" started-at="2023-10-16T12:56:31 IST" name="clearObject" finished-at="2023-10-16T12:56:31 IST" duration-ms="0" status="PASS">
          <reporter-output>
          </reporter-output>
        </test-method> <!-- clearObject -->
        <test-method is-config="true" signature="closeBrowser()[pri:0, instance:TestNgadda.FooterElement@3857f613]" started-at="2023-10-16T12:56:36 IST" name="closeBrowser" finished-at="2023-10-16T12:56:37 IST" duration-ms="517" status="PASS">
          <reporter-output>
          </reporter-output>
        </test-method> <!-- closeBrowser -->
      </class> <!-- TestNgadda.FooterElement -->
      <class name="TestNgadda.AddaApp">
        <test-method is-config="true" signature="launchBrowser(java.lang.String)[pri:0, instance:TestNgadda.AddaApp@489115ef]" started-at="2023-10-16T12:54:16 IST" name="launchBrowser" finished-at="2023-10-16T12:54:19 IST" duration-ms="3002" status="PASS">
          <params>
            <param index="0">
              <value>
                <![CDATA[Chrome]]>
              </value>
            </param>
          </params>
          <reporter-output>
          </reporter-output>
        </test-method> <!-- launchBrowser -->
        <test-method is-config="true" signature="CreatingPOMObject()[pri:0, instance:TestNgadda.AddaApp@489115ef]" started-at="2023-10-16T12:54:22 IST" name="CreatingPOMObject" finished-at="2023-10-16T12:54:22 IST" duration-ms="51" status="PASS">
          <reporter-output>
          </reporter-output>
        </test-method> <!-- CreatingPOMObject -->
        <test-method is-config="true" signature="loginSignup()[pri:0, instance:TestNgadda.AddaApp@489115ef]" started-at="2023-10-16T12:54:22 IST" name="loginSignup" finished-at="2023-10-16T12:55:20 IST" duration-ms="58111" status="PASS">
          <reporter-output>
          </reporter-output>
        </test-method> <!-- loginSignup -->
        <test-method signature="SigninLogout()[pri:1, instance:TestNgadda.AddaApp@489115ef]" started-at="2023-10-16T12:55:20 IST" name="SigninLogout" finished-at="2023-10-16T12:55:31 IST" duration-ms="11204" status="PASS">
          <reporter-output>
          </reporter-output>
        </test-method> <!-- SigninLogout -->
        <test-method is-config="true" signature="loginSignup()[pri:0, instance:TestNgadda.AddaApp@489115ef]" started-at="2023-10-16T12:55:31 IST" name="loginSignup" finished-at="2023-10-16T12:55:59 IST" duration-ms="27371" status="PASS">
          <reporter-output>
          </reporter-output>
        </test-method> <!-- loginSignup -->
        <test-method signature="Banking()[pri:2, instance:TestNgadda.AddaApp@489115ef]" started-at="2023-10-16T12:55:59 IST" name="Banking" finished-at="2023-10-16T12:56:14 IST" duration-ms="15321" status="FAIL">
          <exception class="org.openqa.selenium.NoSuchElementException">
            <message>
              <![CDATA[no such element: Unable to locate element: {"method":"xpath","selector":"//a[text()='SBI PO  Online Live Classes ']"}
  (Session info: chrome=117.0.5938.152)
For documentation on this error, please visit: https://www.selenium.dev/documentation/webdriver/troubleshooting/errors#no-such-element-exception
Build info: version: '4.11.0', revision: '040bc5406b'
System info: os.name: 'Windows 11', os.arch: 'amd64', os.version: '10.0', java.version: '20.0.1'
Driver info: org.openqa.selenium.chrome.ChromeDriver
Command: [439081d3d2a63e273914a1429c88cd6b, findElement {using=xpath, value=//a[text()='SBI PO  Online Live Classes ']}]
Capabilities {acceptInsecureCerts: false, browserName: chrome, browserVersion: 117.0.5938.152, chrome: {chromedriverVersion: 117.0.5938.149 (e3344ddefa1..., userDataDir: C:\Users\Aditya\AppData\Loc...}, fedcm:accounts: true, goog:chromeOptions: {debuggerAddress: localhost:60357}, networkConnectionEnabled: false, pageLoadStrategy: normal, platformName: windows, proxy: Proxy(), se:cdp: ws://localhost:60357/devtoo..., se:cdpVersion: 117.0.5938.152, setWindowRect: true, strictFileInteractability: false, timeouts: {implicit: 0, pageLoad: 300000, script: 30000}, unhandledPromptBehavior: dismiss and notify, webauthn:extension:credBlob: true, webauthn:extension:largeBlob: true, webauthn:extension:minPinLength: true, webauthn:extension:prf: true, webauthn:virtualAuthenticators: true}
Session ID: 439081d3d2a63e273914a1429c88cd6b]]>
            </message>
            <full-stacktrace>
              <![CDATA[org.openqa.selenium.NoSuchElementException: no such element: Unable to locate element: {"method":"xpath","selector":"//a[text()='SBI PO  Online Live Classes ']"}
  (Session info: chrome=117.0.5938.152)
For documentation on this error, please visit: https://www.selenium.dev/documentation/webdriver/troubleshooting/errors#no-such-element-exception
Build info: version: '4.11.0', revision: '040bc5406b'
System info: os.name: 'Windows 11', os.arch: 'amd64', os.version: '10.0', java.version: '20.0.1'
Driver info: org.openqa.selenium.chrome.ChromeDriver
Command: [439081d3d2a63e273914a1429c88cd6b, findElement {using=xpath, value=//a[text()='SBI PO  Online Live Classes ']}]
Capabilities {acceptInsecureCerts: false, browserName: chrome, browserVersion: 117.0.5938.152, chrome: {chromedriverVersion: 117.0.5938.149 (e3344ddefa1..., userDataDir: C:\Users\Aditya\AppData\Loc...}, fedcm:accounts: true, goog:chromeOptions: {debuggerAddress: localhost:60357}, networkConnectionEnabled: false, pageLoadStrategy: normal, platformName: windows, proxy: Proxy(), se:cdp: ws://localhost:60357/devtoo..., se:cdpVersion: 117.0.5938.152, setWindowRect: true, strictFileInteractability: false, timeouts: {implicit: 0, pageLoad: 300000, script: 30000}, unhandledPromptBehavior: dismiss and notify, webauthn:extension:credBlob: true, webauthn:extension:largeBlob: true, webauthn:extension:minPinLength: true, webauthn:extension:prf: true, webauthn:virtualAuthenticators: true}
Session ID: 439081d3d2a63e273914a1429c88cd6b
at java.base/jdk.internal.reflect.DirectConstructorHandleAccessor.newInstance(DirectConstructorHandleAccessor.java:67)
at java.base/java.lang.reflect.Constructor.newInstanceWithCaller(Constructor.java:500)
at java.base/java.lang.reflect.Constructor.newInstance(Constructor.java:484)
at org.openqa.selenium.remote.codec.w3c.W3CHttpResponseCodec.createException(W3CHttpResponseCodec.java:200)
at org.openqa.selenium.remote.codec.w3c.W3CHttpResponseCodec.decode(W3CHttpResponseCodec.java:133)
at org.openqa.selenium.remote.codec.w3c.W3CHttpResponseCodec.decode(W3CHttpResponseCodec.java:52)
at org.openqa.selenium.remote.HttpCommandExecutor.execute(HttpCommandExecutor.java:191)
at org.openqa.selenium.remote.service.DriverCommandExecutor.invokeExecute(DriverCommandExecutor.java:196)
at org.openqa.selenium.remote.service.DriverCommandExecutor.execute(DriverCommandExecutor.java:171)
at org.openqa.selenium.remote.RemoteWebDriver.execute(RemoteWebDriver.java:518)
at org.openqa.selenium.remote.ElementLocation$ElementFinder$2.findElement(ElementLocation.java:165)
at org.openqa.selenium.remote.ElementLocation.findElement(ElementLocation.java:59)
at org.openqa.selenium.remote.RemoteWebDriver.findElement(RemoteWebDriver.java:355)
at org.openqa.selenium.remote.RemoteWebDriver.findElement(RemoteWebDriver.java:349)
at org.openqa.selenium.support.pagefactory.DefaultElementLocator.findElement(DefaultElementLocator.java:68)
at org.openqa.selenium.support.pagefactory.internal.LocatingElementHandler.invoke(LocatingElementHandler.java:38)
at jdk.proxy2/jdk.proxy2.$Proxy20.click(Unknown Source)
at pages.SbiPoOnlineClassPage.selectSbiPoOnlineClassPage(SbiPoOnlineClassPage.java:24)
at TestNgadda.AddaApp.Banking(AddaApp.java:75)
at java.base/jdk.internal.reflect.DirectMethodHandleAccessor.invoke(DirectMethodHandleAccessor.java:104)
at java.base/java.lang.reflect.Method.invoke(Method.java:578)
at org.testng.internal.invokers.MethodInvocationHelper.invokeMethod(MethodInvocationHelper.java:139)
at org.testng.internal.invokers.TestInvoker.invokeMethod(TestInvoker.java:664)
at org.testng.internal.invokers.TestInvoker.invokeTestMethod(TestInvoker.java:227)
at org.testng.internal.invokers.MethodRunner.runInSequence(MethodRunner.java:50)
at org.testng.internal.invokers.TestInvoker$MethodInvocationAgent.invoke(TestInvoker.java:957)
at org.testng.internal.invokers.TestInvoker.invokeTestMethods(TestInvoker.java:200)
at org.testng.internal.invokers.TestMethodWorker.invokeTestMethods(TestMethodWorker.java:148)
at org.testng.internal.invokers.TestMethodWorker.run(TestMethodWorker.java:128)
at java.base/java.util.ArrayList.forEach(ArrayList.java:1511)
at org.testng.TestRunner.privateRun(TestRunner.java:848)
at org.testng.TestRunner.run(TestRunner.java:621)
at org.testng.SuiteRunner.runTest(SuiteRunner.java:443)
at org.testng.SuiteRunner$SuiteWorker.run(SuiteRunner.java:481)
at org.testng.internal.thread.ThreadUtil.lambda$execute$0(ThreadUtil.java:58)
at java.base/java.util.concurrent.FutureTask.run(FutureTask.java:317)
at java.base/java.util.concurrent.ThreadPoolExecutor.runWorker(ThreadPoolExecutor.java:1144)
at java.base/java.util.concurrent.ThreadPoolExecutor$Worker.run(ThreadPoolExecutor.java:642)
at java.base/java.lang.Thread.run(Thread.java:1623)
]]>
            </full-stacktrace>
          </exception> <!-- org.openqa.selenium.NoSuchElementException -->
          <reporter-output>
          </reporter-output>
        </test-method> <!-- Banking -->
        <test-method is-config="true" signature="loginSignup()[pri:0, instance:TestNgadda.AddaApp@489115ef]" started-at="2023-10-16T12:56:31 IST" name="loginSignup" finished-at="2023-10-16T12:56:35 IST" duration-ms="3979" status="PASS">
          <reporter-output>
          </reporter-output>
        </test-method> <!-- loginSignup -->
        <test-method signature="Railways()[pri:3, instance:TestNgadda.AddaApp@489115ef]" started-at="2023-10-16T12:56:35 IST" name="Railways" finished-at="2023-10-16T12:56:36 IST" duration-ms="441" status="PASS">
          <reporter-output>
          </reporter-output>
        </test-method> <!-- Railways -->
        <test-method is-config="true" signature="clearObject()[pri:0, instance:TestNgadda.AddaApp@489115ef]" started-at="2023-10-16T12:56:36 IST" name="clearObject" finished-at="2023-10-16T12:56:36 IST" duration-ms="0" status="PASS">
          <reporter-output>
          </reporter-output>
        </test-method> <!-- clearObject -->
        <test-method is-config="true" signature="closeBrowser()[pri:0, instance:TestNgadda.AddaApp@489115ef]" started-at="2023-10-16T12:56:36 IST" name="closeBrowser" finished-at="2023-10-16T12:56:36 IST" duration-ms="599" status="PASS">
          <reporter-output>
          </reporter-output>
        </test-method> <!-- closeBrowser -->
      </class> <!-- TestNgadda.AddaApp -->
    </test> <!-- ChromeTest -->
  </suite> <!-- Suite -->
</testng-results>
