<?xml version="1.0" encoding="UTF-8"?>
<!-- Generated by org.testng.reporters.JUnitXMLReporter -->
<testsuite ignored="0" hostname="DESKTOP-MRS77HI" failures="0" tests="5" name="chrome" time="59.716" errors="0" timestamp="2023-10-13T13:15:19 IST">
  <testcase classname="TestNgPack.CompeteValidation" name="competeTab" time="6.43"/>
  <testcase classname="TestNgPack.CompeteValidation" name="joinFreeTabCheck" time="3.165"/>
  <testcase classname="TestNgPack.OtherCourceTestNgValidation" name="otherCourses" time="7.838"/>
  <testcase classname="TestNgPack.OtherCourceTestNgValidation" name="takeATest" time="9.467"/>
  <testcase classname="TestNgPack.TakeATestValidation" name="takeATest" time="9.491"/>
</testsuite> <!-- chrome -->
