<?xml version="1.0" encoding="UTF-8"?>
<!-- Generated by org.testng.reporters.JUnitXMLReporter -->
<testsuite ignored="0" hostname="DESKTOP-MRS77HI" failures="0" tests="5" name="Test" time="49.557" errors="0" timestamp="2023-10-13T12:36:20 IST">
  <testcase classname="TestNgPack.CompeteValidation" name="competeTab" time="6.772"/>
  <testcase classname="TestNgPack.CompeteValidation" name="joinFreeTabCheck" time="3.483"/>
  <testcase classname="TestNgPack.OtherCourceTestNgValidation" name="otherCourses" time="7.713"/>
  <testcase classname="TestNgPack.OtherCourceTestNgValidation" name="takeATest" time="9.598"/>
  <testcase classname="TestNgPack.TakeATestValidation" name="takeATest" time="9.901"/>
</testsuite> <!-- Test -->
