<?xml version="1.0" encoding="UTF-8"?>
<!-- Generated by org.testng.reporters.JUnitXMLReporter -->
<testsuite ignored="0" hostname="DESKTOP-MRS77HI" failures="0" tests="3" name="Chrome" time="51.457" errors="0" timestamp="2023-10-13T22:54:01 IST">
  <testcase classname="TestNGPack.AmazonNg" name="test1" time="14.231"/>
  <testcase classname="TestNGPack.AmazonNg" name="test4" time="9.396"/>
  <testcase classname="TestNGPack.BestSeller" name="BestSellerBook" time="11.372"/>
</testsuite> <!-- Chrome -->
