<?xml version="1.0" encoding="UTF-8"?>
<!-- Generated by org.testng.reporters.JUnitXMLReporter -->
<testsuite ignored="0" hostname="DESKTOP-MRS77HI" failures="0" tests="3" name="ChromeTest" time="37.63" errors="0" timestamp="2023-10-15T19:14:18 IST">
  <testcase classname="TestNGPack.BestSeller" name="BestSellerBook" time="0.0">
    <skipped/>
  </testcase> <!-- BestSellerBook -->
  <testcase classname="TestNGPack.AmazonNg" name="test1" time="12.389"/>
  <testcase classname="TestNGPack.AmazonNg" name="test4" time="5.206"/>
</testsuite> <!-- ChromeTest -->
