<?xml version="1.0" encoding="UTF-8"?>
<!-- Generated by org.testng.reporters.JUnitXMLReporter -->
<testsuite ignored="0" hostname="DESKTOP-MRS77HI" failures="0" tests="3" name="EdgeTest" time="48.236" errors="0" timestamp="2023-10-15T19:13:41 IST">
  <testcase classname="TestNGPack.BestSeller" name="BestSellerBook" time="13.476"/>
  <testcase classname="TestNGPack.AmazonNg" name="test1" time="15.6"/>
  <testcase classname="TestNGPack.AmazonNg" name="test4" time="7.628"/>
</testsuite> <!-- EdgeTest -->
