<?xml version="1.0" encoding="UTF-8"?>
<!-- Generated by org.testng.reporters.JUnitXMLReporter -->
<testsuite ignored="0" hostname="DESKTOP-MRS77HI" failures="0" tests="3" name="Edge" time="57.051" errors="0" timestamp="2023-10-13T22:57:07 IST">
  <testcase classname="TestNGPack.AmazonNg" name="test1" time="15.402"/>
  <testcase classname="TestNGPack.AmazonNg" name="test4" time="5.384"/>
  <testcase classname="TestNGPack.BestSeller" name="BestSellerBook" time="11.844"/>
</testsuite> <!-- Edge -->
