<?xml version="1.0" encoding="UTF-8"?>
<!-- Generated by org.testng.reporters.JUnitXMLReporter -->
<testsuite ignored="0" hostname="DESKTOP-MRS77HI" failures="0" tests="4" name="EdgeTest" time="133.585" errors="0" timestamp="2023-10-16T12:56:30 IST">
  <testcase classname="TestNgadda.AddaApp" name="SigninLogout" time="40.751"/>
  <testcase classname="TestNgadda.AddaApp" name="Banking" time="6.991"/>
  <testcase classname="TestNgadda.FooterElement" name="EbookOnFooter" time="13.835"/>
  <testcase classname="TestNgadda.AddaApp" name="Railways" time="1.319"/>
</testsuite> <!-- EdgeTest -->
