<?xml version="1.0" encoding="UTF-8"?>
<!-- Generated by org.testng.reporters.JUnitXMLReporter -->
<testsuite ignored="0" hostname="DESKTOP-MRS77HI" failures="0" tests="5" name="Edge" time="75.667" errors="0" timestamp="2023-10-16T12:18:03 IST">
  <testcase classname="TestNgadda.AddaApp" name="SigninLogout" time="5.446"/>
  <testcase classname="TestNgadda.AddaApp" name="Banking" time="1.585"/>
  <testcase classname="TestNgadda.AddaApp" name="Railways" time="0.909"/>
  <testcase classname="TestNgadda.FooterElement" name="signin" time="6.45"/>
  <testcase classname="TestNgadda.FooterElement" name="EbookOnFooter" time="8.085"/>
</testsuite> <!-- Edge -->
