<?xml version="1.0" encoding="UTF-8"?>
<!-- Generated by org.testng.reporters.JUnitXMLReporter -->
<testsuite ignored="3" hostname="DESKTOP-MRS77HI" failures="0" tests="0" time="2.458" errors="0" timestamp="2023-10-15T19:08:43 IST">
  <testcase classname="TestNgadda.AddaApp" name="Banking" time="0.0">
    <ignored/>
  </testcase> <!-- Banking -->
  <testcase classname="TestNgadda.AddaApp" name="Railways" time="0.0">
    <ignored/>
  </testcase> <!-- Railways -->
  <testcase classname="TestNgadda.AddaApp" name="SigninLogout" time="0.0">
    <ignored/>
  </testcase> <!-- SigninLogout -->
</testsuite>
